<?xml version="1.0" encoding="UTF-8" ?>
<testsuites>
 <testsuite name="Accessing Home page" timestamp="2017-08-01T15:04:55" hostname="localhost" time="6.622" errors="0" tests="3" skipped="0" disabled="0" failures="0">
  <testcase classname="Accessing Home page" name="Should contain body" time="3.159" />
  <testcase classname="Accessing Home page" name="Should navigate to login page" time="1.597" />
  <testcase classname="Accessing Home page" name="Should return empty search list" time="1.86" />
 </testsuite>
 <testsuite name="Accessing Login page" timestamp="2017-08-01T15:05:01" hostname="localhost" time="5.99" errors="0" tests="2" skipped="0" disabled="0" failures="0">
  <testcase classname="Accessing Login page" name="Should contain all necessary items" time="1.126" />
  <testcase classname="Accessing Login page" name="Should login using valid credentials" time="4.863" />
 </testsuite>
</testsuites>